{"uid":"970ffc828b4cbfc1","name":"test_generic_fail","fullName":"tests.test_generic#test_generic_fail","historyId":"d5b48927a9e326d6cdcd2b485b4119f8","time":{"start":1708674480675,"stop":1708674480675,"duration":0},"status":"failed","statusMessage":"AssertionError: assert False","statusTrace":"def test_generic_fail() -> None:\n        success: bool = False\n>       assert success\nE       assert False\n\ntests/test_generic.py:13: AssertionError","flaky":false,"newFailed":false,"newBroken":false,"newPassed":false,"retriesCount":0,"retriesStatusChange":false,"beforeStages":[],"afterStages":[],"labels":[{"name":"parentSuite","value":"tests"},{"name":"suite","value":"test_generic"},{"name":"host","value":"fv-az651-396"},{"name":"thread","value":"2275-MainThread"},{"name":"framework","value":"pytest"},{"name":"language","value":"cpython3"},{"name":"package","value":"tests.test_generic"},{"name":"resultFormat","value":"allure2"}],"parameters":[],"links":[],"hidden":false,"retry":false,"extra":{"severity":"normal","retries":[],"categories":[{"name":"Product defects","matchedStatuses":[],"flaky":false}],"tags":[]},"source":"970ffc828b4cbfc1.json","parameterValues":[]}